hellocharts-library/build/outputs/logs/manifest-merger-release-report.txt
-- Merging decision tree log ---
manifest
ADDED from Alarmnats-develop\hellocharts-library\AndroidManifest.xml:2:1-7:12
INJECTED from Alarmnats-develop\hellocharts-library\AndroidManifest.xml:2:1-7:12
INJECTED from Alarmnats-develop\hellocharts-library\AndroidManifest.xml:2:1-7:12
INJECTED from Alarmnats-develop\hellocharts-library\AndroidManifest.xml:2:1-7:12
INJECTED from Alarmnats-develop\hellocharts-library\AndroidManifest.xml:2:1-7:12
INJECTED from Alarmnats-develop\hellocharts-library\AndroidManifest.xml:2:1-7:12
INJECTED from Alarmnats-develop\hellocharts-library\AndroidManifest.xml:2:1-7:12
	package
		ADDED from Alarmnats-develop\hellocharts-library\AndroidManifest.xml:3:5-36
		INJECTED from Alarmnats-develop\hellocharts-library\AndroidManifest.xml
		INJECTED from Alarmnats-develop\hellocharts-library\AndroidManifest.xml
	android:versionName
		ADDED from Alarmnats-develop\hellocharts-library\AndroidManifest.xml:5:5-32
		INJECTED from Alarmnats-develop\hellocharts-library\AndroidManifest.xml
		INJECTED from Alarmnats-develop\hellocharts-library\AndroidManifest.xml
	xmlns:android
		ADDED from Alarmnats-develop\hellocharts-library\AndroidManifest.xml:2:11-69
	android:versionCode
		ADDED from Alarmnats-develop\hellocharts-library\AndroidManifest.xml:4:5-29
		INJECTED from Alarmnats-develop\hellocharts-library\AndroidManifest.xml
		INJECTED from Alarmnats-develop\hellocharts-library\AndroidManifest.xml
uses-sdk
INJECTED from Alarmnats-develop\hellocharts-library\AndroidManifest.xml reason: use-sdk injection requested
INJECTED from Alarmnats-develop\hellocharts-library\AndroidManifest.xml
INJECTED from Alarmnats-develop\hellocharts-library\AndroidManifest.xml
INJECTED from Alarmnats-develop\hellocharts-library\AndroidManifest.xml
INJECTED from Alarmnats-develop\hellocharts-library\AndroidManifest.xml
	android:targetSdkVersion
		INJECTED from Alarmnats-develop\hellocharts-library\AndroidManifest.xml
		ADDED from Alarmnats-develop\hellocharts-library\AndroidManifest.xml
		INJECTED from Alarmnats-develop\hellocharts-library\AndroidManifest.xml
	android:minSdkVersion
		INJECTED from Alarmnats-develop\hellocharts-library\AndroidManifest.xml
		ADDED from Alarmnats-develop\hellocharts-library\AndroidManifest.xml
		INJECTED from Alarmnats-develop\hellocharts-library\AndroidManifest.xml